Android/starflower/app/build/intermediates/manifest_merge_blame_file/release/processReleaseMainManifest/manifest-merger-blame-release-report.txt
1<?xml version="1.0" encoding="utf-8"?>
2<manifest xmlns:android="http://schemas.android.com/apk/res/android"
3    package="com.songsari.starflower"
4    android:versionCode="1000"
5    android:versionName="1.0.00" >
6
7    <uses-sdk
8        android:minSdkVersion="31"
9        android:targetSdkVersion="35" />
10
11    <uses-permission android:name="android.permission.INTERNET" />
11-->src/main/AndroidManifest.xml:4:5-67
11-->src/main/AndroidManifest.xml:4:22-64
12    <uses-permission android:name="android.permission.ACCESS_NETWORK_STATE" />
12-->src/main/AndroidManifest.xml:5:5-79
12-->src/main/AndroidManifest.xml:5:22-76
13    <uses-permission android:name="android.permission.WAKE_LOCK" />
13-->[androidx.work:work-runtime:2.9.1] AndroidManifest.xml:23:5-68
13-->[androidx.work:work-runtime:2.9.1] AndroidManifest.xml:23:22-65
14    <uses-permission android:name="android.permission.RECEIVE_BOOT_COMPLETED" />
14-->[androidx.work:work-runtime:2.9.1] AndroidManifest.xml:25:5-81
14-->[androidx.work:work-runtime:2.9.1] AndroidManifest.xml:25:22-78
15    <uses-permission android:name="android.permission.FOREGROUND_SERVICE" />
15-->[androidx.work:work-runtime:2.9.1] AndroidManifest.xml:26:5-77
15-->[androidx.work:work-runtime:2.9.1] AndroidManifest.xml:26:22-74
16
17    <permission
17-->[androidx.core:core:1.13.1] AndroidManifest.xml:22:5-24:47
18        android:name="com.songsari.starflower.DYNAMIC_RECEIVER_NOT_EXPORTED_PERMISSION"
18-->[androidx.core:core:1.13.1] AndroidManifest.xml:23:9-81
19        android:protectionLevel="signature" />
19-->[androidx.core:core:1.13.1] AndroidManifest.xml:24:9-44
20
21    <uses-permission android:name="com.songsari.starflower.DYNAMIC_RECEIVER_NOT_EXPORTED_PERMISSION" />
21-->[androidx.core:core:1.13.1] AndroidManifest.xml:26:5-97
21-->[androidx.core:core:1.13.1] AndroidManifest.xml:26:22-94
22
23    <application
23-->src/main/AndroidManifest.xml:7:5-38:19
24        android:name="com.songsari.starflower.StarflowerApp"
24-->src/main/AndroidManifest.xml:8:9-38
25        android:allowBackup="true"
25-->src/main/AndroidManifest.xml:9:9-35
26        android:appComponentFactory="androidx.core.app.CoreComponentFactory"
26-->[androidx.core:core:1.13.1] AndroidManifest.xml:28:18-86
27        android:extractNativeLibs="false"
28        android:icon="@mipmap/ic_launcher"
28-->src/main/AndroidManifest.xml:10:9-43
29        android:label="@string/app_name"
29-->src/main/AndroidManifest.xml:11:9-41
30        android:roundIcon="@mipmap/ic_launcher_round"
30-->src/main/AndroidManifest.xml:12:9-54
31        android:supportsRtl="false"
31-->src/main/AndroidManifest.xml:13:9-36
32        android:theme="@style/Theme.Starflower" >
32-->src/main/AndroidManifest.xml:14:9-48
33        <activity
33-->src/main/AndroidManifest.xml:16:9-25:20
34            android:name="com.songsari.starflower.MainActivity"
34-->src/main/AndroidManifest.xml:17:13-41
35            android:exported="true"
35-->src/main/AndroidManifest.xml:18:13-36
36            android:label="@string/app_name"
36-->src/main/AndroidManifest.xml:19:13-45
37            android:theme="@style/Theme.Starflower" >
37-->src/main/AndroidManifest.xml:20:13-52
38            <intent-filter>
38-->src/main/AndroidManifest.xml:21:13-24:29
39                <action android:name="android.intent.action.MAIN" />
39-->src/main/AndroidManifest.xml:22:17-69
39-->src/main/AndroidManifest.xml:22:25-66
40
41                <category android:name="android.intent.category.LAUNCHER" />
41-->src/main/AndroidManifest.xml:23:17-77
41-->src/main/AndroidManifest.xml:23:27-74
42            </intent-filter>
43        </activity>
44
45        <receiver
45-->src/main/AndroidManifest.xml:27:9-36:20
46            android:name="com.songsari.starflower.widget.StarflowerWidgetReceiver"
46-->src/main/AndroidManifest.xml:28:13-60
47            android:exported="false" >
47-->src/main/AndroidManifest.xml:29:13-37
48            <intent-filter>
48-->src/main/AndroidManifest.xml:30:13-32:29
49                <action android:name="android.appwidget.action.APPWIDGET_UPDATE" />
49-->src/main/AndroidManifest.xml:31:17-84
49-->src/main/AndroidManifest.xml:31:25-81
50            </intent-filter>
51
52            <meta-data
52-->src/main/AndroidManifest.xml:33:13-35:66
53                android:name="android.appwidget.provider"
53-->src/main/AndroidManifest.xml:34:17-58
54                android:resource="@xml/starflower_widget_info" />
54-->src/main/AndroidManifest.xml:35:17-63
55        </receiver>
56
57        <activity
57-->[androidx.glance:glance-appwidget:1.1.0] AndroidManifest.xml:23:9-28:62
58            android:name="androidx.glance.appwidget.action.ActionTrampolineActivity"
58-->[androidx.glance:glance-appwidget:1.1.0] AndroidManifest.xml:24:13-85
59            android:enabled="true"
59-->[androidx.glance:glance-appwidget:1.1.0] AndroidManifest.xml:25:13-35
60            android:excludeFromRecents="true"
60-->[androidx.glance:glance-appwidget:1.1.0] AndroidManifest.xml:26:13-46
61            android:exported="false"
61-->[androidx.glance:glance-appwidget:1.1.0] AndroidManifest.xml:27:13-37
62            android:theme="@android:style/Theme.NoDisplay" />
62-->[androidx.glance:glance-appwidget:1.1.0] AndroidManifest.xml:28:13-59
63        <activity
63-->[androidx.glance:glance-appwidget:1.1.0] AndroidManifest.xml:29:9-36:81
64            android:name="androidx.glance.appwidget.action.InvisibleActionTrampolineActivity"
64-->[androidx.glance:glance-appwidget:1.1.0] AndroidManifest.xml:30:13-94
65            android:enabled="true"
65-->[androidx.glance:glance-appwidget:1.1.0] AndroidManifest.xml:31:13-35
66            android:exported="false"
66-->[androidx.glance:glance-appwidget:1.1.0] AndroidManifest.xml:32:13-37
67            android:launchMode="singleInstance"
67-->[androidx.glance:glance-appwidget:1.1.0] AndroidManifest.xml:33:13-48
68            android:noHistory="true"
68-->[androidx.glance:glance-appwidget:1.1.0] AndroidManifest.xml:34:13-37
69            android:taskAffinity="androidx.glance.appwidget.ListAdapterCallbackTrampoline"
69-->[androidx.glance:glance-appwidget:1.1.0] AndroidManifest.xml:35:13-91
70            android:theme="@style/Widget.Glance.AppWidget.CallbackTrampoline" />
70-->[androidx.glance:glance-appwidget:1.1.0] AndroidManifest.xml:36:13-78
71
72        <receiver
72-->[androidx.glance:glance-appwidget:1.1.0] AndroidManifest.xml:38:9-41:40
73            android:name="androidx.glance.appwidget.action.ActionCallbackBroadcastReceiver"
73-->[androidx.glance:glance-appwidget:1.1.0] AndroidManifest.xml:39:13-92
74            android:enabled="true"
74-->[androidx.glance:glance-appwidget:1.1.0] AndroidManifest.xml:40:13-35
75            android:exported="false" />
75-->[androidx.glance:glance-appwidget:1.1.0] AndroidManifest.xml:41:13-37
76        <receiver
76-->[androidx.glance:glance-appwidget:1.1.0] AndroidManifest.xml:42:9-45:40
77            android:name="androidx.glance.appwidget.UnmanagedSessionReceiver"
77-->[androidx.glance:glance-appwidget:1.1.0] AndroidManifest.xml:43:13-78
78            android:enabled="true"
78-->[androidx.glance:glance-appwidget:1.1.0] AndroidManifest.xml:44:13-35
79            android:exported="false" />
79-->[androidx.glance:glance-appwidget:1.1.0] AndroidManifest.xml:45:13-37
80        <receiver
80-->[androidx.glance:glance-appwidget:1.1.0] AndroidManifest.xml:46:9-53:20
81            android:name="androidx.glance.appwidget.MyPackageReplacedReceiver"
81-->[androidx.glance:glance-appwidget:1.1.0] AndroidManifest.xml:47:13-79
82            android:enabled="true"
82-->[androidx.glance:glance-appwidget:1.1.0] AndroidManifest.xml:48:13-35
83            android:exported="false" >
83-->[androidx.glance:glance-appwidget:1.1.0] AndroidManifest.xml:49:13-37
84            <intent-filter>
84-->[androidx.glance:glance-appwidget:1.1.0] AndroidManifest.xml:50:13-52:29
85                <action android:name="android.intent.action.MY_PACKAGE_REPLACED" />
85-->[androidx.glance:glance-appwidget:1.1.0] AndroidManifest.xml:51:17-84
85-->[androidx.glance:glance-appwidget:1.1.0] AndroidManifest.xml:51:25-81
86            </intent-filter>
87        </receiver>
88
89        <service
89-->[androidx.glance:glance-appwidget:1.1.0] AndroidManifest.xml:55:9-58:72
90            android:name="androidx.glance.appwidget.GlanceRemoteViewsService"
90-->[androidx.glance:glance-appwidget:1.1.0] AndroidManifest.xml:56:13-78
91            android:exported="true"
91-->[androidx.glance:glance-appwidget:1.1.0] AndroidManifest.xml:57:13-36
92            android:permission="android.permission.BIND_REMOTEVIEWS" />
92-->[androidx.glance:glance-appwidget:1.1.0] AndroidManifest.xml:58:13-69
93        <service
93-->[androidx.core:core-remoteviews:1.1.0] AndroidManifest.xml:24:9-27:63
94            android:name="androidx.core.widget.RemoteViewsCompatService"
94-->[androidx.core:core-remoteviews:1.1.0] AndroidManifest.xml:25:13-73
95            android:permission="android.permission.BIND_REMOTEVIEWS" />
95-->[androidx.core:core-remoteviews:1.1.0] AndroidManifest.xml:26:13-69
96
97        <provider
97-->[androidx.work:work-runtime:2.9.1] AndroidManifest.xml:29:9-37:20
98            android:name="androidx.startup.InitializationProvider"
98-->[androidx.work:work-runtime:2.9.1] AndroidManifest.xml:30:13-67
99            android:authorities="com.songsari.starflower.androidx-startup"
99-->[androidx.work:work-runtime:2.9.1] AndroidManifest.xml:31:13-68
100            android:exported="false" >
100-->[androidx.work:work-runtime:2.9.1] AndroidManifest.xml:32:13-37
101            <meta-data
101-->[androidx.work:work-runtime:2.9.1] AndroidManifest.xml:34:13-36:52
102                android:name="androidx.work.WorkManagerInitializer"
102-->[androidx.work:work-runtime:2.9.1] AndroidManifest.xml:35:17-68
103                android:value="androidx.startup" />
103-->[androidx.work:work-runtime:2.9.1] AndroidManifest.xml:36:17-49
104            <meta-data
104-->[androidx.emoji2:emoji2:1.3.0] AndroidManifest.xml:29:13-31:52
105                android:name="androidx.emoji2.text.EmojiCompatInitializer"
105-->[androidx.emoji2:emoji2:1.3.0] AndroidManifest.xml:30:17-75
106                android:value="androidx.startup" />
106-->[androidx.emoji2:emoji2:1.3.0] AndroidManifest.xml:31:17-49
107            <meta-data
107-->[androidx.lifecycle:lifecycle-process:2.8.6] AndroidManifest.xml:29:13-31:52
108                android:name="androidx.lifecycle.ProcessLifecycleInitializer"
108-->[androidx.lifecycle:lifecycle-process:2.8.6] AndroidManifest.xml:30:17-78
109                android:value="androidx.startup" />
109-->[androidx.lifecycle:lifecycle-process:2.8.6] AndroidManifest.xml:31:17-49
110            <meta-data
110-->[androidx.profileinstaller:profileinstaller:1.3.1] AndroidManifest.xml:29:13-31:52
111                android:name="androidx.profileinstaller.ProfileInstallerInitializer"
111-->[androidx.profileinstaller:profileinstaller:1.3.1] AndroidManifest.xml:30:17-85
112                android:value="androidx.startup" />
112-->[androidx.profileinstaller:profileinstaller:1.3.1] AndroidManifest.xml:31:17-49
113        </provider>
114
115        <service
115-->[androidx.work:work-runtime:2.9.1] AndroidManifest.xml:39:9-45:35
116            android:name="androidx.work.impl.background.systemalarm.SystemAlarmService"
116-->[androidx.work:work-runtime:2.9.1] AndroidManifest.xml:40:13-88
117            android:directBootAware="false"
117-->[androidx.work:work-runtime:2.9.1] AndroidManifest.xml:41:13-44
118            android:enabled="@bool/enable_system_alarm_service_default"
118-->[androidx.work:work-runtime:2.9.1] AndroidManifest.xml:42:13-72
119            android:exported="false" />
119-->[androidx.work:work-runtime:2.9.1] AndroidManifest.xml:43:13-37
120        <service
120-->[androidx.work:work-runtime:2.9.1] AndroidManifest.xml:46:9-52:35
121            android:name="androidx.work.impl.background.systemjob.SystemJobService"
121-->[androidx.work:work-runtime:2.9.1] AndroidManifest.xml:47:13-84
122            android:directBootAware="false"
122-->[androidx.work:work-runtime:2.9.1] AndroidManifest.xml:48:13-44
123            android:enabled="@bool/enable_system_job_service_default"
123-->[androidx.work:work-runtime:2.9.1] AndroidManifest.xml:49:13-70
124            android:exported="true"
124-->[androidx.work:work-runtime:2.9.1] AndroidManifest.xml:50:13-36
125            android:permission="android.permission.BIND_JOB_SERVICE" />
125-->[androidx.work:work-runtime:2.9.1] AndroidManifest.xml:51:13-69
126        <service
126-->[androidx.work:work-runtime:2.9.1] AndroidManifest.xml:53:9-59:35
127            android:name="androidx.work.impl.foreground.SystemForegroundService"
127-->[androidx.work:work-runtime:2.9.1] AndroidManifest.xml:54:13-81
128            android:directBootAware="false"
128-->[androidx.work:work-runtime:2.9.1] AndroidManifest.xml:55:13-44
129            android:enabled="@bool/enable_system_foreground_service_default"
129-->[androidx.work:work-runtime:2.9.1] AndroidManifest.xml:56:13-77
130            android:exported="false" />
130-->[androidx.work:work-runtime:2.9.1] AndroidManifest.xml:57:13-37
131
132        <receiver
132-->[androidx.work:work-runtime:2.9.1] AndroidManifest.xml:61:9-66:35
133            android:name="androidx.work.impl.utils.ForceStopRunnable$BroadcastReceiver"
133-->[androidx.work:work-runtime:2.9.1] AndroidManifest.xml:62:13-88
134            android:directBootAware="false"
134-->[androidx.work:work-runtime:2.9.1] AndroidManifest.xml:63:13-44
135            android:enabled="true"
135-->[androidx.work:work-runtime:2.9.1] AndroidManifest.xml:64:13-35
136            android:exported="false" />
136-->[androidx.work:work-runtime:2.9.1] AndroidManifest.xml:65:13-37
137        <receiver
137-->[androidx.work:work-runtime:2.9.1] AndroidManifest.xml:67:9-77:20
138            android:name="androidx.work.impl.background.systemalarm.ConstraintProxy$BatteryChargingProxy"
138-->[androidx.work:work-runtime:2.9.1] AndroidManifest.xml:68:13-106
139            android:directBootAware="false"
139-->[androidx.work:work-runtime:2.9.1] AndroidManifest.xml:69:13-44
140            android:enabled="false"
140-->[androidx.work:work-runtime:2.9.1] AndroidManifest.xml:70:13-36
141            android:exported="false" >
141-->[androidx.work:work-runtime:2.9.1] AndroidManifest.xml:71:13-37
142            <intent-filter>
142-->[androidx.work:work-runtime:2.9.1] AndroidManifest.xml:73:13-76:29
143                <action android:name="android.intent.action.ACTION_POWER_CONNECTED" />
143-->[androidx.work:work-runtime:2.9.1] AndroidManifest.xml:74:17-87
143-->[androidx.work:work-runtime:2.9.1] AndroidManifest.xml:74:25-84
144                <action android:name="android.intent.action.ACTION_POWER_DISCONNECTED" />
144-->[androidx.work:work-runtime:2.9.1] AndroidManifest.xml:75:17-90
144-->[androidx.work:work-runtime:2.9.1] AndroidManifest.xml:75:25-87
145            </intent-filter>
146        </receiver>
147        <receiver
147-->[androidx.work:work-runtime:2.9.1] AndroidManifest.xml:78:9-88:20
148            android:name="androidx.work.impl.background.systemalarm.ConstraintProxy$BatteryNotLowProxy"
148-->[androidx.work:work-runtime:2.9.1] AndroidManifest.xml:79:13-104
149            android:directBootAware="false"
149-->[androidx.work:work-runtime:2.9.1] AndroidManifest.xml:80:13-44
150            android:enabled="false"
150-->[androidx.work:work-runtime:2.9.1] AndroidManifest.xml:81:13-36
151            android:exported="false" >
151-->[androidx.work:work-runtime:2.9.1] AndroidManifest.xml:82:13-37
152            <intent-filter>
152-->[androidx.work:work-runtime:2.9.1] AndroidManifest.xml:84:13-87:29
153                <action android:name="android.intent.action.BATTERY_OKAY" />
153-->[androidx.work:work-runtime:2.9.1] AndroidManifest.xml:85:17-77
153-->[androidx.work:work-runtime:2.9.1] AndroidManifest.xml:85:25-74
154                <action android:name="android.intent.action.BATTERY_LOW" />
154-->[androidx.work:work-runtime:2.9.1] AndroidManifest.xml:86:17-76
154-->[androidx.work:work-runtime:2.9.1] AndroidManifest.xml:86:25-73
155            </intent-filter>
156        </receiver>
157        <receiver
157-->[androidx.work:work-runtime:2.9.1] AndroidManifest.xml:89:9-99:20
158            android:name="androidx.work.impl.background.systemalarm.ConstraintProxy$StorageNotLowProxy"
158-->[androidx.work:work-runtime:2.9.1] AndroidManifest.xml:90:13-104
159            android:directBootAware="false"
159-->[androidx.work:work-runtime:2.9.1] AndroidManifest.xml:91:13-44
160            android:enabled="false"
160-->[androidx.work:work-runtime:2.9.1] AndroidManifest.xml:92:13-36
161            android:exported="false" >
161-->[androidx.work:work-runtime:2.9.1] AndroidManifest.xml:93:13-37
162            <intent-filter>
162-->[androidx.work:work-runtime:2.9.1] AndroidManifest.xml:95:13-98:29
163                <action android:name="android.intent.action.DEVICE_STORAGE_LOW" />
163-->[androidx.work:work-runtime:2.9.1] AndroidManifest.xml:96:17-83
163-->[androidx.work:work-runtime:2.9.1] AndroidManifest.xml:96:25-80
164                <action android:name="android.intent.action.DEVICE_STORAGE_OK" />
164-->[androidx.work:work-runtime:2.9.1] AndroidManifest.xml:97:17-82
164-->[androidx.work:work-runtime:2.9.1] AndroidManifest.xml:97:25-79
165            </intent-filter>
166        </receiver>
167        <receiver
167-->[androidx.work:work-runtime:2.9.1] AndroidManifest.xml:100:9-109:20
168            android:name="androidx.work.impl.background.systemalarm.ConstraintProxy$NetworkStateProxy"
168-->[androidx.work:work-runtime:2.9.1] AndroidManifest.xml:101:13-103
169            android:directBootAware="false"
169-->[androidx.work:work-runtime:2.9.1] AndroidManifest.xml:102:13-44
170            android:enabled="false"
170-->[androidx.work:work-runtime:2.9.1] AndroidManifest.xml:103:13-36
171            android:exported="false" >
171-->[androidx.work:work-runtime:2.9.1] AndroidManifest.xml:104:13-37
172            <intent-filter>
172-->[androidx.work:work-runtime:2.9.1] AndroidManifest.xml:106:13-108:29
173                <action android:name="android.net.conn.CONNECTIVITY_CHANGE" />
173-->[androidx.work:work-runtime:2.9.1] AndroidManifest.xml:107:17-79
173-->[androidx.work:work-runtime:2.9.1] AndroidManifest.xml:107:25-76
174            </intent-filter>
175        </receiver>
176        <receiver
176-->[androidx.work:work-runtime:2.9.1] AndroidManifest.xml:110:9-121:20
177            android:name="androidx.work.impl.background.systemalarm.RescheduleReceiver"
177-->[androidx.work:work-runtime:2.9.1] AndroidManifest.xml:111:13-88
178            android:directBootAware="false"
178-->[androidx.work:work-runtime:2.9.1] AndroidManifest.xml:112:13-44
179            android:enabled="false"
179-->[androidx.work:work-runtime:2.9.1] AndroidManifest.xml:113:13-36
180            android:exported="false" >
180-->[androidx.work:work-runtime:2.9.1] AndroidManifest.xml:114:13-37
181            <intent-filter>
181-->[androidx.work:work-runtime:2.9.1] AndroidManifest.xml:116:13-120:29
182                <action android:name="android.intent.action.BOOT_COMPLETED" />
182-->[androidx.work:work-runtime:2.9.1] AndroidManifest.xml:117:17-79
182-->[androidx.work:work-runtime:2.9.1] AndroidManifest.xml:117:25-76
183                <action android:name="android.intent.action.TIME_SET" />
183-->[androidx.work:work-runtime:2.9.1] AndroidManifest.xml:118:17-73
183-->[androidx.work:work-runtime:2.9.1] AndroidManifest.xml:118:25-70
184                <action android:name="android.intent.action.TIMEZONE_CHANGED" />
184-->[androidx.work:work-runtime:2.9.1] AndroidManifest.xml:119:17-81
184-->[androidx.work:work-runtime:2.9.1] AndroidManifest.xml:119:25-78
185            </intent-filter>
186        </receiver>
187        <receiver
187-->[androidx.work:work-runtime:2.9.1] AndroidManifest.xml:122:9-131:20
188            android:name="androidx.work.impl.background.systemalarm.ConstraintProxyUpdateReceiver"
188-->[androidx.work:work-runtime:2.9.1] AndroidManifest.xml:123:13-99
189            android:directBootAware="false"
189-->[androidx.work:work-runtime:2.9.1] AndroidManifest.xml:124:13-44
190            android:enabled="@bool/enable_system_alarm_service_default"
190-->[androidx.work:work-runtime:2.9.1] AndroidManifest.xml:125:13-72
191            android:exported="false" >
191-->[androidx.work:work-runtime:2.9.1] AndroidManifest.xml:126:13-37
192            <intent-filter>
192-->[androidx.work:work-runtime:2.9.1] AndroidManifest.xml:128:13-130:29
193                <action android:name="androidx.work.impl.background.systemalarm.UpdateProxies" />
193-->[androidx.work:work-runtime:2.9.1] AndroidManifest.xml:129:17-98
193-->[androidx.work:work-runtime:2.9.1] AndroidManifest.xml:129:25-95
194            </intent-filter>
195        </receiver>
196        <receiver
196-->[androidx.work:work-runtime:2.9.1] AndroidManifest.xml:132:9-142:20
197            android:name="androidx.work.impl.diagnostics.DiagnosticsReceiver"
197-->[androidx.work:work-runtime:2.9.1] AndroidManifest.xml:133:13-78
198            android:directBootAware="false"
198-->[androidx.work:work-runtime:2.9.1] AndroidManifest.xml:134:13-44
199            android:enabled="true"
199-->[androidx.work:work-runtime:2.9.1] AndroidManifest.xml:135:13-35
200            android:exported="true"
200-->[androidx.work:work-runtime:2.9.1] AndroidManifest.xml:136:13-36
201            android:permission="android.permission.DUMP" >
201-->[androidx.work:work-runtime:2.9.1] AndroidManifest.xml:137:13-57
202            <intent-filter>
202-->[androidx.work:work-runtime:2.9.1] AndroidManifest.xml:139:13-141:29
203                <action android:name="androidx.work.diagnostics.REQUEST_DIAGNOSTICS" />
203-->[androidx.work:work-runtime:2.9.1] AndroidManifest.xml:140:17-88
203-->[androidx.work:work-runtime:2.9.1] AndroidManifest.xml:140:25-85
204            </intent-filter>
205        </receiver>
206
207        <service
207-->[androidx.room:room-runtime:2.5.0] AndroidManifest.xml:24:9-28:63
208            android:name="androidx.room.MultiInstanceInvalidationService"
208-->[androidx.room:room-runtime:2.5.0] AndroidManifest.xml:25:13-74
209            android:directBootAware="true"
209-->[androidx.room:room-runtime:2.5.0] AndroidManifest.xml:26:13-43
210            android:exported="false" />
210-->[androidx.room:room-runtime:2.5.0] AndroidManifest.xml:27:13-37
211
212        <receiver
212-->[androidx.profileinstaller:profileinstaller:1.3.1] AndroidManifest.xml:34:9-52:20
213            android:name="androidx.profileinstaller.ProfileInstallReceiver"
213-->[androidx.profileinstaller:profileinstaller:1.3.1] AndroidManifest.xml:35:13-76
214            android:directBootAware="false"
214-->[androidx.profileinstaller:profileinstaller:1.3.1] AndroidManifest.xml:36:13-44
215            android:enabled="true"
215-->[androidx.profileinstaller:profileinstaller:1.3.1] AndroidManifest.xml:37:13-35
216            android:exported="true"
216-->[androidx.profileinstaller:profileinstaller:1.3.1] AndroidManifest.xml:38:13-36
217            android:permission="android.permission.DUMP" >
217-->[androidx.profileinstaller:profileinstaller:1.3.1] AndroidManifest.xml:39:13-57
218            <intent-filter>
218-->[androidx.profileinstaller:profileinstaller:1.3.1] AndroidManifest.xml:40:13-42:29
219                <action android:name="androidx.profileinstaller.action.INSTALL_PROFILE" />
219-->[androidx.profileinstaller:profileinstaller:1.3.1] AndroidManifest.xml:41:17-91
219-->[androidx.profileinstaller:profileinstaller:1.3.1] AndroidManifest.xml:41:25-88
220            </intent-filter>
221            <intent-filter>
221-->[androidx.profileinstaller:profileinstaller:1.3.1] AndroidManifest.xml:43:13-45:29
222                <action android:name="androidx.profileinstaller.action.SKIP_FILE" />
222-->[androidx.profileinstaller:profileinstaller:1.3.1] AndroidManifest.xml:44:17-85
222-->[androidx.profileinstaller:profileinstaller:1.3.1] AndroidManifest.xml:44:25-82
223            </intent-filter>
224            <intent-filter>
224-->[androidx.profileinstaller:profileinstaller:1.3.1] AndroidManifest.xml:46:13-48:29
225                <action android:name="androidx.profileinstaller.action.SAVE_PROFILE" />
225-->[androidx.profileinstaller:profileinstaller:1.3.1] AndroidManifest.xml:47:17-88
225-->[androidx.profileinstaller:profileinstaller:1.3.1] AndroidManifest.xml:47:25-85
226            </intent-filter>
227            <intent-filter>
227-->[androidx.profileinstaller:profileinstaller:1.3.1] AndroidManifest.xml:49:13-51:29
228                <action android:name="androidx.profileinstaller.action.BENCHMARK_OPERATION" />
228-->[androidx.profileinstaller:profileinstaller:1.3.1] AndroidManifest.xml:50:17-95
228-->[androidx.profileinstaller:profileinstaller:1.3.1] AndroidManifest.xml:50:25-92
229            </intent-filter>
230        </receiver>
231    </application>
232
233</manifest>